ralph_rf_self_contained: PRD=/c/Users/decke/context-eng-project/ml/prd/rf_only_self_contained.prd.json
ralph_rf_self_contained: report=/c/Users/decke/context-eng-project/ml/reports/rf_eval.md
ralph_rf_self_contained: gate thresholds:
    - TOKEN_REDUCTION_GATE: >= 55.0 percent
    - P90_LATENCY_GATE: < 3000.0 milliseconds
    - ANCHOR_RETENTION_GATE: >= 0.9 ratio
    - RF_CV_GATE: >= 0.25 ratio
ralph_rf_self_contained: grep patterns:
  - TOKEN_REDUCTION_GATE: PASS
  - threshold_pct=55
  - P90_LATENCY_GATE: PASS
  - ANCHOR_RETENTION_GATE: PASS
  - RF_CV_GATE: PASS
ralph_rf_self_contained: iteration 1 / 10
ralph_rf_self_contained: context-eng-ml-labels
Wrote 266 labels to C:\Users\decke\context-eng-project\ml\data\budget_labels.jsonl
ralph_rf_self_contained: context-eng-ml-train
Trained RandomForest budget model on 266 rows: C:\Users\decke\context-eng-project\ml\models\budget_rf_v2.joblib
ralph_rf_self_contained: context-eng-ml-eval
TOKEN_REDUCTION_GATE: FAIL median_reduction=49.5 threshold_pct=55
P90_LATENCY_GATE: PASS p90_latency_ms=119.0
ANCHOR_RETENTION_GATE: PASS retention=1.000
RF_CV_GATE: PASS overall=0.440 min_bucket=0.000
report: C:\Users\decke\context-eng-project\ml\reports\rf_eval.md
TOKEN_REDUCTION_GATE: FAIL median_reduction=49.5 threshold_pct=55
P90_LATENCY_GATE: PASS p90_latency_ms=117.4
ANCHOR_RETENTION_GATE: PASS retention=1.000
RF_CV_GATE: PASS overall=0.440 min_bucket=0.000
report: C:\Users\decke\context-eng-project\ml\reports\rf_eval.md
grep FAIL: pattern not found in /c/Users/decke/context-eng-project/ml/reports/rf_eval.md -> TOKEN_REDUCTION_GATE: PASS
grep PASS: threshold_pct=55
grep PASS: P90_LATENCY_GATE: PASS
grep PASS: ANCHOR_RETENTION_GATE: PASS
grep PASS: RF_CV_GATE: PASS
grep FAIL: report contains GATE: FAIL
TOKEN_REDUCTION_GATE: FAIL median_reduction=49.5 threshold_pct=55
ralph_rf_self_contained: gate validation failed (grep)
MISSING: TOKEN_REDUCTION_GATE: PASS
TOKEN_REDUCTION_GATE: FAIL median_reduction=49.5 threshold_pct=55
MISSING: TOKEN_REDUCTION_GATE: PASS
TOKEN_REDUCTION_GATE: FAIL median_reduction=49.5 threshold_pct=55
ralph_rf_self_contained: agent output -> /c/Users/decke/context-eng-project/ml/reports/ralph_rf_self_contained.stdout.log
```

## Verification

- `context-eng-ml-eval` — exit 0
- `./ml/scripts/validate_rf_self_contained_gates.sh` — all 5 grep patterns PASS
- `pytest -m "not benchmark"` — 45 passed
- `pytest -m benchmark` — 3 passed
ralph_rf_self_contained: iteration 2 / 10
ralph_rf_self_contained: context-eng-ml-labels
Wrote 266 labels to C:\Users\decke\context-eng-project\ml\data\budget_labels.jsonl
ralph_rf_self_contained: context-eng-ml-train
Trained RandomForest budget model on 266 rows: C:\Users\decke\context-eng-project\ml\models\budget_rf_v2.joblib
ralph_rf_self_contained: context-eng-ml-eval
TOKEN_REDUCTION_GATE: PASS median_reduction=63.6 threshold_pct=55
P90_LATENCY_GATE: PASS p90_latency_ms=117.2
ANCHOR_RETENTION_GATE: PASS retention=1.000
RF_CV_GATE: PASS overall=0.440 min_bucket=0.000
report: C:\Users\decke\context-eng-project\ml\reports\rf_eval.md
TOKEN_REDUCTION_GATE: PASS median_reduction=63.6 threshold_pct=55
P90_LATENCY_GATE: PASS p90_latency_ms=118.9
ANCHOR_RETENTION_GATE: PASS retention=1.000
RF_CV_GATE: PASS overall=0.440 min_bucket=0.000
report: C:\Users\decke\context-eng-project\ml\reports\rf_eval.md
grep PASS: TOKEN_REDUCTION_GATE: PASS
grep PASS: threshold_pct=55
grep PASS: P90_LATENCY_GATE: PASS
grep PASS: ANCHOR_RETENTION_GATE: PASS
grep PASS: RF_CV_GATE: PASS
validate_rf_self_contained_gates: all PASS (5 gates)
src\context_eng\engine.py:50: note: By default the bodies of untyped functions are not checked, consider using --check-untyped-defs  [annotation-unchecked]
Success: no issues found in 89 source files
ralph_rf_self_contained: all PRD gates grep PASS + typecheck OK
