ralph_migrate: 0 corpus slots remaining
src\context_eng\engine.py:50: note: By default the bodies of untyped functions are not checked, consider using --check-untyped-defs  [annotation-unchecked]
benchmarks\compare.py:54: error: Argument 2 to "run_baseline" has incompatible type "Config | None"; expected "Config"  [arg-type]
src\context_eng\ml\eval_rf.py:177: error: Argument 2 to "replace" of "Config" has incompatible type "**dict[str, float]"; expected "Path"  [arg-type]
src\context_eng\ml\eval_rf.py:177: error: Argument 2 to "replace" of "Config" has incompatible type "**dict[str, float]"; expected "tuple[str, ...]"  [arg-type]
src\context_eng\ml\eval_rf.py:177: error: Argument 2 to "replace" of "Config" has incompatible type "**dict[str, float]"; expected "int"  [arg-type]
src\context_eng\ml\eval_rf.py:177: error: Argument 2 to "replace" of "Config" has incompatible type "**dict[str, float]"; expected "dict[str, tuple[int, int, int]]"  [arg-type]
src\context_eng\ml\eval_rf.py:177: error: Argument 2 to "replace" of "Config" has incompatible type "**dict[str, float]"; expected "bool"  [arg-type]
src\context_eng\ml\eval_rf.py:177: error: Argument 2 to "replace" of "Config" has incompatible type "**dict[str, float]"; expected "Path | None"  [arg-type]
src\context_eng\ml\eval_rf.py:177: error: Argument 2 to "replace" of "Config" has incompatible type "**dict[str, float]"; expected "str"  [arg-type]
Found 8 errors in 2 files (checked 87 source files)
ralph_migrate: corpus size OK but validate/typecheck failed
ralph_migrate: agent output -> ml/reports/ralph_agent.stdout.log
- **Merged:** 10 queries → `ml/data/budget_training_queries.yaml` (214 total)
- **Labels:** 214 rows written to `ml/data/budget_labels.jsonl`
- **Validate:** **PASS** — all buckets ≥ 20, `expected_tokens` present

### Primary bucket
**2000** — new `utils_2000_*` and `platform_2000_*` domains added alongside continued coverage of auth, billing, users, api, and inventory.The RF budget training query batch finished successfully.

**10 queries** were added for the **2000** token bucket (`auth_2000_05`–`06`, `billing_2000_05`, `users_2000_05`, `api_2000_05`, `inventory_2000_05`, `utils_2000_01`–`02`, `platform_2000_01`–`02`), merged into the corpus (**214** total queries), labels regenerated (**214** rows), and corpus validation **passed**.
Merged 0 new queries into C:\Users\decke\context-eng-project\ml\data\budget_training_queries.yaml
Wrote 214 labels to C:\Users\decke\context-eng-project\ml\data\budget_labels.jsonl
src\context_eng\engine.py:50: note: By default the bodies of untyped functions are not checked, consider using --check-untyped-defs  [annotation-unchecked]
Success: no issues found in 87 source files
ralph_migrate: 0 corpus slots remaining
src\context_eng\engine.py:50: note: By default the bodies of untyped functions are not checked, consider using --check-untyped-defs  [annotation-unchecked]
Success: no issues found in 87 source files
corpus OK: 214 queries, all buckets >= 20
Trained RandomForest budget model on 214 rows: C:\Users\decke\context-eng-project\ml\models\budget_rf_v2.joblib
RF_CV_GATE: FAIL overall=0.206 min_bucket=0.045 weak_buckets=5000=0.045,6000=0.091,8000=0.120
RF_ANCHOR_RECALL_GATE: FAIL rf=0.318 intent=0.182 delta=0.136
RF_AB_BENCHMARK_GATE: PASS rf_reduction=49.5 intent_reduction=49.5 rf_mcp=1559 intent_mcp=1559 regression_pp=0.0
report: C:\Users\decke\context-eng-project\ml\reports\rf_eval.md
CV gate not PASS in /c/Users/decke/context-eng-project/ml/reports/rf_eval.md
anchor recall gate not PASS in /c/Users/decke/context-eng-project/ml/reports/rf_eval.md
validate_ab_benchmark: PASS
ralph_migrate: corpus complete; RF eval gates failing:
RF_CV_GATE: FAIL overall=0.206 min_bucket=0.045 weak_buckets=5000=0.045,6000=0.091,8000=0.120
RF_ANCHOR_RECALL_GATE: FAIL rf=0.318 intent=0.182 delta=0.136
ralph_migrate: agent output -> ml/reports/ralph_agent.stdout.log

Current gate lines:

```
RF_CV_GATE: PASS overall=0.407 min_bucket=0.190
RF_ANCHOR_RECALL_GATE: PASS rf=0.922 intent=0.603 delta=0.319
RF_AB_BENCHMARK_GATE: PASS rf_reduction=49.5 intent_reduction=49.5 rf_mcp=1559 intent_mcp=1559 regression_pp=0.0
```
Merged 0 new queries into C:\Users\decke\context-eng-project\ml\data\budget_training_queries.yaml
Wrote 204 labels to C:\Users\decke\context-eng-project\ml\data\budget_labels.jsonl
src\context_eng\engine.py:50: note: By default the bodies of untyped functions are not checked, consider using --check-untyped-defs  [annotation-unchecked]
Success: no issues found in 87 source files
ralph_migrate: 81 corpus slots remaining
