ralph_mcp_v2: PRD=/c/Users/decke/context-eng-project/ml/prd/mcp_v2_roadmap.prd.json
ralph_mcp_v2: validate=/c/Users/decke/context-eng-project/ml/scripts/validate_mcp_v2_gates.sh
ralph_mcp_v2: implementation order: 1 2 3 5 4 

ralph_mcp_v2: ===== Phase 1 — RF default at runtime =====
ralph_mcp_v2: grep target marker: PHASE1_RF_DEFAULT: PASS
ralph_mcp_v2: phase 1 iteration 1 / 10
ralph_mcp_v2: context-eng-ml-labels
Wrote 266 labels to C:\Users\decke\context-eng-project\ml\data\budget_labels.jsonl
ralph_mcp_v2: context-eng-ml-train
Trained RandomForest budget model on 266 rows: C:\Users\decke\context-eng-project\ml\models\budget_rf_v2.joblib
ralph_mcp_v2: context-eng-ml-eval
TOKEN_REDUCTION_GATE: PASS median_reduction=63.6 threshold_pct=55
P90_LATENCY_GATE: PASS p90_latency_ms=120.6
ANCHOR_RETENTION_GATE: PASS retention=1.000
RF_CV_GATE: PASS overall=0.440 min_bucket=0.000
report: C:\Users\decke\context-eng-project\ml\reports\rf_eval.md
TOKEN_REDUCTION_GATE: PASS median_reduction=63.6 threshold_pct=55
P90_LATENCY_GATE: PASS p90_latency_ms=119.5
ANCHOR_RETENTION_GATE: PASS retention=1.000
RF_CV_GATE: PASS overall=0.440 min_bucket=0.000
report: C:\Users\decke\context-eng-project\ml\reports\rf_eval.md
grep FAIL [C:/Users/decke/context-eng-project/ml/reports/mcp_v2_status.md]: PHASE1_RF_DEFAULT: PASS
grep PASS [C:/Users/decke/context-eng-project/ml/reports/rf_eval.md]: TOKEN_REDUCTION_GATE: PASS
grep PASS [C:/Users/decke/context-eng-project/ml/reports/rf_eval.md]: threshold_pct=55
grep PASS [C:/Users/decke/context-eng-project/ml/reports/rf_eval.md]: P90_LATENCY_GATE: PASS
grep PASS [C:/Users/decke/context-eng-project/ml/reports/rf_eval.md]: ANCHOR_RETENTION_GATE: PASS
grep PASS [C:/Users/decke/context-eng-project/ml/reports/rf_eval.md]: RF_CV_GATE: PASS
validate_mcp_v2_gates: one or more grep checks FAILED
ralph_mcp_v2: phase 1 grep verification failed
  grep FAIL [C:/Users/decke/context-eng-project/ml/reports/mcp_v2_status.md]: PHASE1_RF_DEFAULT: PASS
ralph_mcp_v2: agent output -> /c/Users/decke/context-eng-project/ml/reports/ralph_mcp_v2.stdout.log
- `pytest -m "not benchmark"`: 46 passed
- `context-eng-ml-labels && context-eng-ml-train && context-eng-ml-eval`: gates pass
- `validate_mcp_v2_gates.sh --phase 1`: PASS
- `mypy`: clean

Next up in the roadmap is **Phase 2 — Budget auto-fit for anchors** (`PHASE2_BUDGET_AUTOFIT`). Say if you want that started.All fast unit tests finished successfully: **46 passed**, 3 deselected (benchmark), in ~2m 19s.

Phase 1 (RF default at runtime) is already done and verified — gates pass and `PHASE1_RF_DEFAULT: PASS` is in `ml/reports/mcp_v2_status.md`.
ralph_mcp_v2: phase 1 iteration 2 / 10
ralph_mcp_v2: context-eng-ml-labels
Wrote 266 labels to C:\Users\decke\context-eng-project\ml\data\budget_labels.jsonl
ralph_mcp_v2: context-eng-ml-train
Trained RandomForest budget model on 266 rows: C:\Users\decke\context-eng-project\ml\models\budget_rf_v2.joblib
ralph_mcp_v2: context-eng-ml-eval
TOKEN_REDUCTION_GATE: PASS median_reduction=63.6 threshold_pct=55
P90_LATENCY_GATE: PASS p90_latency_ms=118.6
ANCHOR_RETENTION_GATE: PASS retention=1.000
RF_CV_GATE: PASS overall=0.440 min_bucket=0.000
report: C:\Users\decke\context-eng-project\ml\reports\rf_eval.md
TOKEN_REDUCTION_GATE: PASS median_reduction=63.6 threshold_pct=55
P90_LATENCY_GATE: PASS p90_latency_ms=120.0
ANCHOR_RETENTION_GATE: PASS retention=1.000
RF_CV_GATE: PASS overall=0.440 min_bucket=0.000
report: C:\Users\decke\context-eng-project\ml\reports\rf_eval.md
grep PASS [C:/Users/decke/context-eng-project/ml/reports/mcp_v2_status.md]: PHASE1_RF_DEFAULT: PASS
grep PASS [C:/Users/decke/context-eng-project/ml/reports/rf_eval.md]: TOKEN_REDUCTION_GATE: PASS
grep PASS [C:/Users/decke/context-eng-project/ml/reports/rf_eval.md]: threshold_pct=55
grep PASS [C:/Users/decke/context-eng-project/ml/reports/rf_eval.md]: P90_LATENCY_GATE: PASS
grep PASS [C:/Users/decke/context-eng-project/ml/reports/rf_eval.md]: ANCHOR_RETENTION_GATE: PASS
grep PASS [C:/Users/decke/context-eng-project/ml/reports/rf_eval.md]: RF_CV_GATE: PASS
validate_mcp_v2_gates: all grep checks PASS (mode=phase phase=1)
src\context_eng\engine.py:50: note: By default the bodies of untyped functions are not checked, consider using --check-untyped-defs  [annotation-unchecked]
Success: no issues found in 89 source files
ralph_mcp_v2: phase 1 grep PASS (exit 0)

ralph_mcp_v2: ===== Phase 2 — Budget auto-fit for anchors =====
ralph_mcp_v2: grep target marker: PHASE2_BUDGET_AUTOFIT: PASS
ralph_mcp_v2: phase 2 iteration 1 / 10
ralph_mcp_v2: context-eng-ml-labels
Wrote 266 labels to C:\Users\decke\context-eng-project\ml\data\budget_labels.jsonl
ralph_mcp_v2: context-eng-ml-train
Trained RandomForest budget model on 266 rows: C:\Users\decke\context-eng-project\ml\models\budget_rf_v2.joblib
ralph_mcp_v2: context-eng-ml-eval
TOKEN_REDUCTION_GATE: PASS median_reduction=63.6 threshold_pct=55
P90_LATENCY_GATE: PASS p90_latency_ms=119.1
ANCHOR_RETENTION_GATE: PASS retention=1.000
RF_CV_GATE: PASS overall=0.440 min_bucket=0.000
report: C:\Users\decke\context-eng-project\ml\reports\rf_eval.md
TOKEN_REDUCTION_GATE: PASS median_reduction=63.6 threshold_pct=55
P90_LATENCY_GATE: PASS p90_latency_ms=117.6
ANCHOR_RETENTION_GATE: PASS retention=1.000
RF_CV_GATE: PASS overall=0.440 min_bucket=0.000
report: C:\Users\decke\context-eng-project\ml\reports\rf_eval.md
grep PASS [C:/Users/decke/context-eng-project/ml/reports/mcp_v2_status.md]: PHASE1_RF_DEFAULT: PASS
grep FAIL [C:/Users/decke/context-eng-project/ml/reports/mcp_v2_status.md]: PHASE2_BUDGET_AUTOFIT: PASS
grep FAIL [C:/Users/decke/context-eng-project/ml/reports/rf_eval.md]: BUDGET_AUTOFIT_GATE: PASS
grep PASS [C:/Users/decke/context-eng-project/ml/reports/rf_eval.md]: TOKEN_REDUCTION_GATE: PASS
grep PASS [C:/Users/decke/context-eng-project/ml/reports/rf_eval.md]: threshold_pct=55
grep PASS [C:/Users/decke/context-eng-project/ml/reports/rf_eval.md]: P90_LATENCY_GATE: PASS
grep PASS [C:/Users/decke/context-eng-project/ml/reports/rf_eval.md]: ANCHOR_RETENTION_GATE: PASS
grep PASS [C:/Users/decke/context-eng-project/ml/reports/rf_eval.md]: RF_CV_GATE: PASS
validate_mcp_v2_gates: one or more grep checks FAILED
ralph_mcp_v2: phase 2 grep verification failed
  grep FAIL [C:/Users/decke/context-eng-project/ml/reports/mcp_v2_status.md]: PHASE2_BUDGET_AUTOFIT: PASS
  grep FAIL [C:/Users/decke/context-eng-project/ml/reports/rf_eval.md]: BUDGET_AUTOFIT_GATE: PASS
ralph_mcp_v2: agent output -> /c/Users/decke/context-eng-project/ml/reports/ralph_mcp_v2.stdout.log
**Gates (all pass):**
- TOKEN_REDUCTION: 63.5% (≥55%)
- P90_LATENCY: 119.3 ms
- ANCHOR_RETENTION: 100%
- RF_CV: 0.440
- BUDGET_AUTOFIT: 0/266 queries bumped

`PHASE2_BUDGET_AUTOFIT: PASS` is marked in `mcp_v2_status.md`. The full non-benchmark test suite passed (163s). Next in the roadmap is **Phase 3 — train labels on inferred anchors**.
ralph_mcp_v2: phase 2 iteration 2 / 10
ralph_mcp_v2: context-eng-ml-labels
Wrote 266 labels to C:\Users\decke\context-eng-project\ml\data\budget_labels.jsonl
ralph_mcp_v2: context-eng-ml-train
Trained RandomForest budget model on 266 rows: C:\Users\decke\context-eng-project\ml\models\budget_rf_v2.joblib
ralph_mcp_v2: context-eng-ml-eval
TOKEN_REDUCTION_GATE: PASS median_reduction=63.5 threshold_pct=55
P90_LATENCY_GATE: PASS p90_latency_ms=119.2
ANCHOR_RETENTION_GATE: PASS retention=1.000
RF_CV_GATE: PASS overall=0.447 min_bucket=0.000
BUDGET_AUTOFIT_GATE: PASS bumped=0/266
report: C:\Users\decke\context-eng-project\ml\reports\rf_eval.md
TOKEN_REDUCTION_GATE: PASS median_reduction=63.5 threshold_pct=55
P90_LATENCY_GATE: PASS p90_latency_ms=118.0
ANCHOR_RETENTION_GATE: PASS retention=1.000
RF_CV_GATE: PASS overall=0.447 min_bucket=0.000
BUDGET_AUTOFIT_GATE: PASS bumped=0/266
report: C:\Users\decke\context-eng-project\ml\reports\rf_eval.md
grep PASS [C:/Users/decke/context-eng-project/ml/reports/mcp_v2_status.md]: PHASE1_RF_DEFAULT: PASS
grep PASS [C:/Users/decke/context-eng-project/ml/reports/mcp_v2_status.md]: PHASE2_BUDGET_AUTOFIT: PASS
grep PASS [C:/Users/decke/context-eng-project/ml/reports/rf_eval.md]: BUDGET_AUTOFIT_GATE: PASS
grep PASS [C:/Users/decke/context-eng-project/ml/reports/rf_eval.md]: TOKEN_REDUCTION_GATE: PASS
grep PASS [C:/Users/decke/context-eng-project/ml/reports/rf_eval.md]: threshold_pct=55
grep PASS [C:/Users/decke/context-eng-project/ml/reports/rf_eval.md]: P90_LATENCY_GATE: PASS
grep PASS [C:/Users/decke/context-eng-project/ml/reports/rf_eval.md]: ANCHOR_RETENTION_GATE: PASS
grep PASS [C:/Users/decke/context-eng-project/ml/reports/rf_eval.md]: RF_CV_GATE: PASS
validate_mcp_v2_gates: all grep checks PASS (mode=phase phase=2)
src\context_eng\engine.py:51: note: By default the bodies of untyped functions are not checked, consider using --check-untyped-defs  [annotation-unchecked]
Success: no issues found in 90 source files
ralph_mcp_v2: phase 2 grep PASS (exit 0)

ralph_mcp_v2: ===== Phase 3 — Train labels on inferred anchors =====
ralph_mcp_v2: grep target marker: PHASE3_INFERRED_LABELS: PASS
ralph_mcp_v2: phase 3 iteration 1 / 10
ralph_mcp_v2: context-eng-ml-labels
Wrote 266 labels to C:\Users\decke\context-eng-project\ml\data\budget_labels.jsonl
ralph_mcp_v2: context-eng-ml-train
Trained RandomForest budget model on 266 rows: C:\Users\decke\context-eng-project\ml\models\budget_rf_v2.joblib
ralph_mcp_v2: context-eng-ml-eval
TOKEN_REDUCTION_GATE: PASS median_reduction=63.5 threshold_pct=55
P90_LATENCY_GATE: PASS p90_latency_ms=117.7
ANCHOR_RETENTION_GATE: PASS retention=1.000
RF_CV_GATE: PASS overall=0.447 min_bucket=0.000
BUDGET_AUTOFIT_GATE: PASS bumped=0/266
report: C:\Users\decke\context-eng-project\ml\reports\rf_eval.md
TOKEN_REDUCTION_GATE: PASS median_reduction=63.5 threshold_pct=55
P90_LATENCY_GATE: PASS p90_latency_ms=118.1
ANCHOR_RETENTION_GATE: PASS retention=1.000
RF_CV_GATE: PASS overall=0.447 min_bucket=0.000
BUDGET_AUTOFIT_GATE: PASS bumped=0/266
report: C:\Users\decke\context-eng-project\ml\reports\rf_eval.md
grep PASS [C:/Users/decke/context-eng-project/ml/reports/mcp_v2_status.md]: PHASE1_RF_DEFAULT: PASS
grep PASS [C:/Users/decke/context-eng-project/ml/reports/mcp_v2_status.md]: PHASE2_BUDGET_AUTOFIT: PASS
grep PASS [C:/Users/decke/context-eng-project/ml/reports/rf_eval.md]: BUDGET_AUTOFIT_GATE: PASS
grep FAIL [C:/Users/decke/context-eng-project/ml/reports/mcp_v2_status.md]: PHASE3_INFERRED_LABELS: PASS
grep PASS [C:/Users/decke/context-eng-project/ml/reports/rf_eval.md]: TOKEN_REDUCTION_GATE: PASS
grep PASS [C:/Users/decke/context-eng-project/ml/reports/rf_eval.md]: threshold_pct=55
grep PASS [C:/Users/decke/context-eng-project/ml/reports/rf_eval.md]: P90_LATENCY_GATE: PASS
grep PASS [C:/Users/decke/context-eng-project/ml/reports/rf_eval.md]: ANCHOR_RETENTION_GATE: PASS
grep PASS [C:/Users/decke/context-eng-project/ml/reports/rf_eval.md]: RF_CV_GATE: PASS
validate_mcp_v2_gates: one or more grep checks FAILED
ralph_mcp_v2: phase 3 grep verification failed
  grep FAIL [C:/Users/decke/context-eng-project/ml/reports/mcp_v2_status.md]: PHASE3_INFERRED_LABELS: PASS
ralph_mcp_v2: agent output -> /c/Users/decke/context-eng-project/ml/reports/ralph_mcp_v2.stdout.log

### Note

With production config (`max_inferred_anchor_files=3`), all 266 labels land in the **2000** bucket — three inferred anchors fit at the smallest bucket. That drives RF CV to 1.0 on a single class but still meets the ≥25% gate. Oracle anchor recall is low (median 25%) because discovery finds fewer files than the hidden `expected_anchors` in the training YAML.

**Verification:** `validate_mcp_v2_gates.sh --phase 3` PASS · 51 tests passed · mypy clean.

Next in the roadmap: **Phase 5 — Adaptive optional chunk cap** (implementation order is 1→2→3→5→4).
ralph_mcp_v2: phase 3 iteration 2 / 10
ralph_mcp_v2: context-eng-ml-labels
Wrote 266 labels to C:\Users\decke\context-eng-project\ml\data\budget_labels.jsonl
ralph_mcp_v2: context-eng-ml-train
Trained RandomForest budget model on 266 rows: C:\Users\decke\context-eng-project\ml\models\budget_rf_v2.joblib
ralph_mcp_v2: context-eng-ml-eval
TOKEN_REDUCTION_GATE: PASS median_reduction=63.5 threshold_pct=55
P90_LATENCY_GATE: PASS p90_latency_ms=119.5
ANCHOR_RETENTION_GATE: PASS retention=1.000
RF_CV_GATE: PASS overall=1.000 min_bucket=1.000
BUDGET_AUTOFIT_GATE: PASS bumped=0/266
oracle_anchor_recall: median=0.250 inferred_sweep_rows=246/266
report: C:\Users\decke\context-eng-project\ml\reports\rf_eval.md
TOKEN_REDUCTION_GATE: PASS median_reduction=63.5 threshold_pct=55
P90_LATENCY_GATE: PASS p90_latency_ms=119.7
ANCHOR_RETENTION_GATE: PASS retention=1.000
RF_CV_GATE: PASS overall=1.000 min_bucket=1.000
BUDGET_AUTOFIT_GATE: PASS bumped=0/266
oracle_anchor_recall: median=0.250 inferred_sweep_rows=246/266
report: C:\Users\decke\context-eng-project\ml\reports\rf_eval.md
grep PASS [C:/Users/decke/context-eng-project/ml/reports/mcp_v2_status.md]: PHASE1_RF_DEFAULT: PASS
grep PASS [C:/Users/decke/context-eng-project/ml/reports/mcp_v2_status.md]: PHASE2_BUDGET_AUTOFIT: PASS
grep PASS [C:/Users/decke/context-eng-project/ml/reports/rf_eval.md]: BUDGET_AUTOFIT_GATE: PASS
grep PASS [C:/Users/decke/context-eng-project/ml/reports/mcp_v2_status.md]: PHASE3_INFERRED_LABELS: PASS
grep PASS [C:/Users/decke/context-eng-project/ml/reports/rf_eval.md]: TOKEN_REDUCTION_GATE: PASS
grep PASS [C:/Users/decke/context-eng-project/ml/reports/rf_eval.md]: threshold_pct=55
grep PASS [C:/Users/decke/context-eng-project/ml/reports/rf_eval.md]: P90_LATENCY_GATE: PASS
grep PASS [C:/Users/decke/context-eng-project/ml/reports/rf_eval.md]: ANCHOR_RETENTION_GATE: PASS
grep PASS [C:/Users/decke/context-eng-project/ml/reports/rf_eval.md]: RF_CV_GATE: PASS
validate_mcp_v2_gates: all grep checks PASS (mode=phase phase=3)
src\context_eng\engine.py:51: note: By default the bodies of untyped functions are not checked, consider using --check-untyped-defs  [annotation-unchecked]
Success: no issues found in 90 source files
ralph_mcp_v2: phase 3 grep PASS (exit 0)

ralph_mcp_v2: ===== Phase 5 — Adaptive optional chunk cap =====
ralph_mcp_v2: grep target marker: PHASE5_ADAPTIVE_OPTIONAL_CAP: PASS
ralph_mcp_v2: phase 5 iteration 1 / 10
ralph_mcp_v2: context-eng-ml-labels
Wrote 266 labels to C:\Users\decke\context-eng-project\ml\data\budget_labels.jsonl
ralph_mcp_v2: context-eng-ml-train
Trained RandomForest budget model on 266 rows: C:\Users\decke\context-eng-project\ml\models\budget_rf_v2.joblib
ralph_mcp_v2: context-eng-ml-eval
TOKEN_REDUCTION_GATE: PASS median_reduction=63.5 threshold_pct=55
P90_LATENCY_GATE: PASS p90_latency_ms=119.3
ANCHOR_RETENTION_GATE: PASS retention=1.000
RF_CV_GATE: PASS overall=1.000 min_bucket=1.000
BUDGET_AUTOFIT_GATE: PASS bumped=0/266
oracle_anchor_recall: median=0.250 inferred_sweep_rows=246/266
report: C:\Users\decke\context-eng-project\ml\reports\rf_eval.md
TOKEN_REDUCTION_GATE: PASS median_reduction=63.5 threshold_pct=55
P90_LATENCY_GATE: PASS p90_latency_ms=118.6
ANCHOR_RETENTION_GATE: PASS retention=1.000
RF_CV_GATE: PASS overall=1.000 min_bucket=1.000
BUDGET_AUTOFIT_GATE: PASS bumped=0/266
oracle_anchor_recall: median=0.250 inferred_sweep_rows=246/266
report: C:\Users\decke\context-eng-project\ml\reports\rf_eval.md
grep PASS [C:/Users/decke/context-eng-project/ml/reports/mcp_v2_status.md]: PHASE1_RF_DEFAULT: PASS
grep PASS [C:/Users/decke/context-eng-project/ml/reports/mcp_v2_status.md]: PHASE2_BUDGET_AUTOFIT: PASS
grep PASS [C:/Users/decke/context-eng-project/ml/reports/rf_eval.md]: BUDGET_AUTOFIT_GATE: PASS
grep PASS [C:/Users/decke/context-eng-project/ml/reports/mcp_v2_status.md]: PHASE3_INFERRED_LABELS: PASS
grep FAIL [C:/Users/decke/context-eng-project/ml/reports/mcp_v2_status.md]: PHASE5_ADAPTIVE_OPTIONAL_CAP: PASS
grep FAIL [C:/Users/decke/context-eng-project/ml/reports/rf_eval.md]: median_optional_chunks_used=
grep PASS [C:/Users/decke/context-eng-project/ml/reports/rf_eval.md]: TOKEN_REDUCTION_GATE: PASS
grep PASS [C:/Users/decke/context-eng-project/ml/reports/rf_eval.md]: threshold_pct=55
grep PASS [C:/Users/decke/context-eng-project/ml/reports/rf_eval.md]: P90_LATENCY_GATE: PASS
grep PASS [C:/Users/decke/context-eng-project/ml/reports/rf_eval.md]: ANCHOR_RETENTION_GATE: PASS
grep PASS [C:/Users/decke/context-eng-project/ml/reports/rf_eval.md]: RF_CV_GATE: PASS
validate_mcp_v2_gates: one or more grep checks FAILED
ralph_mcp_v2: phase 5 grep verification failed
  grep FAIL [C:/Users/decke/context-eng-project/ml/reports/mcp_v2_status.md]: PHASE5_ADAPTIVE_OPTIONAL_CAP: PASS
  grep FAIL [C:/Users/decke/context-eng-project/ml/reports/rf_eval.md]: median_optional_chunks_used=
ralph_mcp_v2: agent output -> /c/Users/decke/context-eng-project/ml/reports/ralph_mcp_v2.stdout.log
| P90_LATENCY_GATE | PASS — 119.5 ms |
| ANCHOR_RETENTION_GATE | PASS — 100% |
| RF_CV_GATE | PASS — 100% |
| median_optional_chunks_used | **2.0** |

**Phase marker:** `PHASE5_ADAPTIVE_OPTIONAL_CAP: PASS` in `ml/reports/mcp_v2_status.md`

`validate_mcp_v2_gates.sh --phase 5` exits 0. Phase 4 (embedding retriever) is still pending per implementation order **1→2→3→5→4**.
ralph_mcp_v2: phase 5 iteration 2 / 10
ralph_mcp_v2: context-eng-ml-labels
Wrote 266 labels to C:\Users\decke\context-eng-project\ml\data\budget_labels.jsonl
ralph_mcp_v2: context-eng-ml-train
Trained RandomForest budget model on 266 rows: C:\Users\decke\context-eng-project\ml\models\budget_rf_v2.joblib
ralph_mcp_v2: context-eng-ml-eval
TOKEN_REDUCTION_GATE: PASS median_reduction=63.5 threshold_pct=55
P90_LATENCY_GATE: PASS p90_latency_ms=119.0
ANCHOR_RETENTION_GATE: PASS retention=1.000
RF_CV_GATE: PASS overall=1.000 min_bucket=1.000
BUDGET_AUTOFIT_GATE: PASS bumped=0/266
oracle_anchor_recall: median=0.250 inferred_sweep_rows=246/266
median_optional_chunks_used=2.0
report: C:\Users\decke\context-eng-project\ml\reports\rf_eval.md
TOKEN_REDUCTION_GATE: PASS median_reduction=63.5 threshold_pct=55
P90_LATENCY_GATE: PASS p90_latency_ms=124.6
ANCHOR_RETENTION_GATE: PASS retention=1.000
RF_CV_GATE: PASS overall=1.000 min_bucket=1.000
BUDGET_AUTOFIT_GATE: PASS bumped=0/266
oracle_anchor_recall: median=0.250 inferred_sweep_rows=246/266
median_optional_chunks_used=2.0
report: C:\Users\decke\context-eng-project\ml\reports\rf_eval.md
grep PASS [C:/Users/decke/context-eng-project/ml/reports/mcp_v2_status.md]: PHASE1_RF_DEFAULT: PASS
grep PASS [C:/Users/decke/context-eng-project/ml/reports/mcp_v2_status.md]: PHASE2_BUDGET_AUTOFIT: PASS
grep PASS [C:/Users/decke/context-eng-project/ml/reports/rf_eval.md]: BUDGET_AUTOFIT_GATE: PASS
grep PASS [C:/Users/decke/context-eng-project/ml/reports/mcp_v2_status.md]: PHASE3_INFERRED_LABELS: PASS
grep PASS [C:/Users/decke/context-eng-project/ml/reports/mcp_v2_status.md]: PHASE5_ADAPTIVE_OPTIONAL_CAP: PASS
grep PASS [C:/Users/decke/context-eng-project/ml/reports/rf_eval.md]: median_optional_chunks_used=
grep PASS [C:/Users/decke/context-eng-project/ml/reports/rf_eval.md]: TOKEN_REDUCTION_GATE: PASS
grep PASS [C:/Users/decke/context-eng-project/ml/reports/rf_eval.md]: threshold_pct=55
grep PASS [C:/Users/decke/context-eng-project/ml/reports/rf_eval.md]: P90_LATENCY_GATE: PASS
grep PASS [C:/Users/decke/context-eng-project/ml/reports/rf_eval.md]: ANCHOR_RETENTION_GATE: PASS
grep PASS [C:/Users/decke/context-eng-project/ml/reports/rf_eval.md]: RF_CV_GATE: PASS
validate_mcp_v2_gates: all grep checks PASS (mode=phase phase=5)
src\context_eng\engine.py:52: note: By default the bodies of untyped functions are not checked, consider using --check-untyped-defs  [annotation-unchecked]
Success: no issues found in 92 source files
ralph_mcp_v2: phase 5 grep PASS (exit 0)

ralph_mcp_v2: ===== Phase 4 — Local embedding retriever =====
ralph_mcp_v2: grep target marker: PHASE4_EMBEDDING_RETRIEVER: PASS
ralph_mcp_v2: phase 4 iteration 1 / 10
ralph_mcp_v2: context-eng-ml-labels
Wrote 266 labels to C:\Users\decke\context-eng-project\ml\data\budget_labels.jsonl
ralph_mcp_v2: context-eng-ml-train
Trained RandomForest budget model on 266 rows: C:\Users\decke\context-eng-project\ml\models\budget_rf_v2.joblib
ralph_mcp_v2: context-eng-ml-eval
TOKEN_REDUCTION_GATE: PASS median_reduction=63.5 threshold_pct=55
P90_LATENCY_GATE: PASS p90_latency_ms=119.7
ANCHOR_RETENTION_GATE: PASS retention=1.000
RF_CV_GATE: PASS overall=1.000 min_bucket=1.000
BUDGET_AUTOFIT_GATE: PASS bumped=0/266
oracle_anchor_recall: median=0.250 inferred_sweep_rows=246/266
median_optional_chunks_used=2.0
report: C:\Users\decke\context-eng-project\ml\reports\rf_eval.md
TOKEN_REDUCTION_GATE: PASS median_reduction=63.5 threshold_pct=55
P90_LATENCY_GATE: PASS p90_latency_ms=118.8
ANCHOR_RETENTION_GATE: PASS retention=1.000
RF_CV_GATE: PASS overall=1.000 min_bucket=1.000
BUDGET_AUTOFIT_GATE: PASS bumped=0/266
oracle_anchor_recall: median=0.250 inferred_sweep_rows=246/266
median_optional_chunks_used=2.0
report: C:\Users\decke\context-eng-project\ml\reports\rf_eval.md
grep PASS [C:/Users/decke/context-eng-project/ml/reports/mcp_v2_status.md]: PHASE1_RF_DEFAULT: PASS
grep PASS [C:/Users/decke/context-eng-project/ml/reports/mcp_v2_status.md]: PHASE2_BUDGET_AUTOFIT: PASS
grep PASS [C:/Users/decke/context-eng-project/ml/reports/rf_eval.md]: BUDGET_AUTOFIT_GATE: PASS
grep PASS [C:/Users/decke/context-eng-project/ml/reports/mcp_v2_status.md]: PHASE3_INFERRED_LABELS: PASS
grep PASS [C:/Users/decke/context-eng-project/ml/reports/mcp_v2_status.md]: PHASE5_ADAPTIVE_OPTIONAL_CAP: PASS
grep PASS [C:/Users/decke/context-eng-project/ml/reports/rf_eval.md]: median_optional_chunks_used=
grep FAIL [C:/Users/decke/context-eng-project/ml/reports/mcp_v2_status.md]: PHASE4_EMBEDDING_RETRIEVER: PASS
grep FAIL [C:/Users/decke/context-eng-project/ml/reports/rf_eval.md]: REGRESSION_NO_EMBEDDINGS_GATE: PASS
grep PASS [C:/Users/decke/context-eng-project/ml/reports/rf_eval.md]: TOKEN_REDUCTION_GATE: PASS
grep PASS [C:/Users/decke/context-eng-project/ml/reports/rf_eval.md]: threshold_pct=55
grep PASS [C:/Users/decke/context-eng-project/ml/reports/rf_eval.md]: P90_LATENCY_GATE: PASS
grep PASS [C:/Users/decke/context-eng-project/ml/reports/rf_eval.md]: ANCHOR_RETENTION_GATE: PASS
grep PASS [C:/Users/decke/context-eng-project/ml/reports/rf_eval.md]: RF_CV_GATE: PASS
validate_mcp_v2_gates: one or more grep checks FAILED
ralph_mcp_v2: phase 4 grep verification failed
  grep FAIL [C:/Users/decke/context-eng-project/ml/reports/mcp_v2_status.md]: PHASE4_EMBEDDING_RETRIEVER: PASS
  grep FAIL [C:/Users/decke/context-eng-project/ml/reports/rf_eval.md]: REGRESSION_NO_EMBEDDINGS_GATE: PASS
ralph_mcp_v2: agent output -> /c/Users/decke/context-eng-project/ml/reports/ralph_mcp_v2.stdout.log

To run embedding recall audit locally after caching the model:

```bash
pip install -e '.[embeddings]'
# download all-MiniLM-L6-v2 once (offline thereafter)
context-eng-ml-eval
```
ralph_mcp_v2: phase 4 iteration 2 / 10
ralph_mcp_v2: context-eng-ml-labels
Wrote 266 labels to C:\Users\decke\context-eng-project\ml\data\budget_labels.jsonl
ralph_mcp_v2: context-eng-ml-train
Trained RandomForest budget model on 266 rows: C:\Users\decke\context-eng-project\ml\models\budget_rf_v2.joblib
ralph_mcp_v2: context-eng-ml-eval
TOKEN_REDUCTION_GATE: PASS median_reduction=63.5 threshold_pct=55
P90_LATENCY_GATE: PASS p90_latency_ms=118.2
ANCHOR_RETENTION_GATE: PASS retention=1.000
RF_CV_GATE: PASS overall=1.000 min_bucket=1.000
BUDGET_AUTOFIT_GATE: PASS bumped=0/266
oracle_anchor_recall: median=0.250 inferred_sweep_rows=246/266
median_optional_chunks_used=2.0
REGRESSION_NO_EMBEDDINGS_GATE: PASS mismatches=0/266
embedding_eval_recall: skipped model_available=False queries=4
report: C:\Users\decke\context-eng-project\ml\reports\rf_eval.md
TOKEN_REDUCTION_GATE: PASS median_reduction=63.5 threshold_pct=55
P90_LATENCY_GATE: PASS p90_latency_ms=118.9
ANCHOR_RETENTION_GATE: PASS retention=1.000
RF_CV_GATE: PASS overall=1.000 min_bucket=1.000
BUDGET_AUTOFIT_GATE: PASS bumped=0/266
oracle_anchor_recall: median=0.250 inferred_sweep_rows=246/266
median_optional_chunks_used=2.0
REGRESSION_NO_EMBEDDINGS_GATE: PASS mismatches=0/266
embedding_eval_recall: skipped model_available=False queries=4
report: C:\Users\decke\context-eng-project\ml\reports\rf_eval.md
grep PASS [C:/Users/decke/context-eng-project/ml/reports/mcp_v2_status.md]: PHASE1_RF_DEFAULT: PASS
grep PASS [C:/Users/decke/context-eng-project/ml/reports/mcp_v2_status.md]: PHASE2_BUDGET_AUTOFIT: PASS
grep PASS [C:/Users/decke/context-eng-project/ml/reports/rf_eval.md]: BUDGET_AUTOFIT_GATE: PASS
grep PASS [C:/Users/decke/context-eng-project/ml/reports/mcp_v2_status.md]: PHASE3_INFERRED_LABELS: PASS
grep PASS [C:/Users/decke/context-eng-project/ml/reports/mcp_v2_status.md]: PHASE5_ADAPTIVE_OPTIONAL_CAP: PASS
grep PASS [C:/Users/decke/context-eng-project/ml/reports/rf_eval.md]: median_optional_chunks_used=
grep PASS [C:/Users/decke/context-eng-project/ml/reports/mcp_v2_status.md]: PHASE4_EMBEDDING_RETRIEVER: PASS
grep PASS [C:/Users/decke/context-eng-project/ml/reports/rf_eval.md]: REGRESSION_NO_EMBEDDINGS_GATE: PASS
grep PASS [C:/Users/decke/context-eng-project/ml/reports/rf_eval.md]: TOKEN_REDUCTION_GATE: PASS
grep PASS [C:/Users/decke/context-eng-project/ml/reports/rf_eval.md]: threshold_pct=55
grep PASS [C:/Users/decke/context-eng-project/ml/reports/rf_eval.md]: P90_LATENCY_GATE: PASS
grep PASS [C:/Users/decke/context-eng-project/ml/reports/rf_eval.md]: ANCHOR_RETENTION_GATE: PASS
grep PASS [C:/Users/decke/context-eng-project/ml/reports/rf_eval.md]: RF_CV_GATE: PASS
validate_mcp_v2_gates: all grep checks PASS (mode=phase phase=4)
src\context_eng\engine.py:52: note: By default the bodies of untyped functions are not checked, consider using --check-untyped-defs  [annotation-unchecked]
Success: no issues found in 94 source files
ralph_mcp_v2: phase 4 grep PASS (exit 0)

ralph_mcp_v2: final grep verification (--all phases)
grep PASS [C:/Users/decke/context-eng-project/ml/reports/mcp_v2_status.md]: PHASE1_RF_DEFAULT: PASS
grep PASS [C:/Users/decke/context-eng-project/ml/reports/mcp_v2_status.md]: PHASE2_BUDGET_AUTOFIT: PASS
grep PASS [C:/Users/decke/context-eng-project/ml/reports/rf_eval.md]: BUDGET_AUTOFIT_GATE: PASS
grep PASS [C:/Users/decke/context-eng-project/ml/reports/mcp_v2_status.md]: PHASE3_INFERRED_LABELS: PASS
grep PASS [C:/Users/decke/context-eng-project/ml/reports/mcp_v2_status.md]: PHASE4_EMBEDDING_RETRIEVER: PASS
grep PASS [C:/Users/decke/context-eng-project/ml/reports/rf_eval.md]: REGRESSION_NO_EMBEDDINGS_GATE: PASS
grep PASS [C:/Users/decke/context-eng-project/ml/reports/mcp_v2_status.md]: PHASE5_ADAPTIVE_OPTIONAL_CAP: PASS
grep PASS [C:/Users/decke/context-eng-project/ml/reports/rf_eval.md]: median_optional_chunks_used=
grep PASS [C:/Users/decke/context-eng-project/ml/reports/rf_eval.md]: TOKEN_REDUCTION_GATE: PASS
grep PASS [C:/Users/decke/context-eng-project/ml/reports/rf_eval.md]: threshold_pct=55
grep PASS [C:/Users/decke/context-eng-project/ml/reports/rf_eval.md]: P90_LATENCY_GATE: PASS
grep PASS [C:/Users/decke/context-eng-project/ml/reports/rf_eval.md]: ANCHOR_RETENTION_GATE: PASS
grep PASS [C:/Users/decke/context-eng-project/ml/reports/rf_eval.md]: RF_CV_GATE: PASS
validate_mcp_v2_gates: all grep checks PASS (mode=all phase=4)
src\context_eng\engine.py:52: note: By default the bodies of untyped functions are not checked, consider using --check-untyped-defs  [annotation-unchecked]
Success: no issues found in 94 source files
ralph_mcp_v2: all phases verified via grep — exit 0
